<?xml version="1.0" encoding="UTF-8"?>
<testng-results ignored="0" total="1" passed="1" failed="0" skipped="0">
  <reporter-output>
  </reporter-output>
  <suite started-at="2024-07-27T15:02:11 GMT-04:00" name="Default suite" finished-at="2024-07-27T15:02:12 GMT-04:00" duration-ms="1169">
    <groups>
      <group name="cucumber">
        <method signature="AbstractTestNGCucumberTests.runScenario(io.cucumber.testng.PickleWrapper,io.cucumber.testng.FeatureWrapper)[pri:0, instance:testRunner.TestNGRunner@15bb5034]" name="runScenario" class="io.cucumber.testng.AbstractTestNGCucumberTests"/>
      </group> <!-- cucumber -->
    </groups>
    <test started-at="2024-07-27T15:02:11 GMT-04:00" name="Default test" finished-at="2024-07-27T15:02:12 GMT-04:00" duration-ms="1169">
      <class name="testRunner.TestNGRunner">
        <test-method is-config="true" signature="setUpClass(org.testng.ITestContext)[pri:0, instance:testRunner.TestNGRunner@15bb5034]" started-at="2024-07-27T15:02:11 GMT-04:00" name="setUpClass" finished-at="2024-07-27T15:02:11 GMT-04:00" duration-ms="891" status="PASS">
          <params>
            <param index="0">
              <value>
                <![CDATA[org.testng.TestRunner@7fae4d4a]]>
              </value>
            </param>
          </params>
          <reporter-output>
          </reporter-output>
        </test-method> <!-- setUpClass -->
        <test-method signature="runScenario(io.cucumber.testng.PickleWrapper,io.cucumber.testng.FeatureWrapper)[pri:0, instance:testRunner.TestNGRunner@15bb5034]" started-at="2024-07-27T15:02:11 GMT-04:00" name="runScenario" description="Runs Cucumber Scenarios" data-provider="scenarios" finished-at="2024-07-27T15:02:12 GMT-04:00" duration-ms="130" status="PASS">
          <params>
            <param index="0">
              <value>
                <![CDATA["debit page defualt login"]]>
              </value>
            </param>
            <param index="1">
              <value>
                <![CDATA["Application login2"]]>
              </value>
            </param>
          </params>
          <reporter-output>
          </reporter-output>
        </test-method> <!-- runScenario -->
        <test-method is-config="true" signature="tearDownClass()[pri:0, instance:testRunner.TestNGRunner@15bb5034]" started-at="2024-07-27T15:02:12 GMT-04:00" name="tearDownClass" finished-at="2024-07-27T15:02:12 GMT-04:00" duration-ms="69" status="PASS">
          <reporter-output>
          </reporter-output>
        </test-method> <!-- tearDownClass -->
      </class> <!-- testRunner.TestNGRunner -->
    </test> <!-- Default test -->
  </suite> <!-- Default suite -->
</testng-results>
